<?xml version="1.0" encoding="UTF-8"?>
<!-- Generated by org.testng.reporters.JUnitXMLReporter -->
<testsuite ignored="1" hostname="DESKTOP-2QV8MI9" failures="0" tests="1" name="Default test" time="9.952" errors="0" timestamp="2024-08-20T15:40:53 IST">
  <testcase classname="com.Amazon.TestCases.FunctionalTest" name="getUrl" time="3.103"/>
  <testcase classname="com.Amazon.TestCases.FunctionalTest" name="getSignButton" time="0.0">
    <ignored/>
  </testcase> <!-- getSignButton -->
</testsuite> <!-- Default test -->
