<?xml version="1.0" encoding="UTF-8"?>
<!-- Generated by org.testng.reporters.JUnitXMLReporter -->
<testsuite ignored="6" hostname="DESKTOP-D4SA1MF" failures="0" tests="1" name="Default test" time="4.515" errors="0" timestamp="2024-03-14T11:41:56 IST">
  <testcase classname="com.Amazon.TestCases.ProductSearchTest" name="insensitivitySearch" time="1.349"/>
  <testcase classname="com.Amazon.TestCases.ProductSearchTest" name="multipleKeywordSearch" time="0.0">
    <ignored/>
  </testcase> <!-- multipleKeywordSearch -->
  <testcase classname="com.Amazon.TestCases.ProductSearchTest" name="sigleKeywordSearch" time="0.0">
    <ignored/>
  </testcase> <!-- sigleKeywordSearch -->
  <testcase classname="com.Amazon.TestCases.ProductSearchTest" name="multipleKeywordSearch1" time="0.0">
    <ignored/>
  </testcase> <!-- multipleKeywordSearch1 -->
  <testcase classname="com.Amazon.TestCases.ProductSearchTest" name="productSearch" time="0.0">
    <ignored/>
  </testcase> <!-- productSearch -->
  <testcase classname="com.Amazon.TestCases.ProductSearchTest" name="sigleKeywordSearch1" time="0.0">
    <ignored/>
  </testcase> <!-- sigleKeywordSearch1 -->
  <testcase classname="com.Amazon.TestCases.ProductSearchTest" name="misspelledKeywords" time="0.0">
    <ignored/>
  </testcase> <!-- misspelledKeywords -->
</testsuite> <!-- Default test -->
