<?xml version="1.0" encoding="UTF-8"?>
<testng-results ignored="1" total="2" passed="1" failed="0" skipped="0">
  <reporter-output>
  </reporter-output>
  <suite started-at="2024-08-20T15:40:43 IST" name="Default suite" finished-at="2024-08-20T15:40:53 IST" duration-ms="9952">
    <groups>
    </groups>
    <test started-at="2024-08-20T15:40:43 IST" name="Default test" finished-at="2024-08-20T15:40:53 IST" duration-ms="9952">
      <class name="com.Amazon.TestCases.FunctionalTest">
        <test-method is-config="true" signature="initializeDriverAfterBrowserFactory()[pri:0, instance:com.Amazon.TestCases.FunctionalTest@5f058f00]" started-at="2024-08-20T15:40:43 IST" name="initializeDriverAfterBrowserFactory" finished-at="2024-08-20T15:40:50 IST" duration-ms="6815" status="PASS">
          <reporter-output>
          </reporter-output>
        </test-method> <!-- initializeDriverAfterBrowserFactory -->
        <test-method signature="getUrl()[pri:0, instance:com.Amazon.TestCases.FunctionalTest@5f058f00]" started-at="2024-08-20T15:40:50 IST" name="getUrl" finished-at="2024-08-20T15:40:53 IST" duration-ms="3103" status="PASS">
          <reporter-output>
          </reporter-output>
        </test-method> <!-- getUrl -->
      </class> <!-- com.Amazon.TestCases.FunctionalTest -->
    </test> <!-- Default test -->
  </suite> <!-- Default suite -->
</testng-results>
